2020-03-07 17:26:47,961 INFO ### Starting ETL Process ###
2020-03-07 17:26:48,967 INFO Processed wiki file
2020-03-07 17:26:49,517 INFO Processed kaggle file
2020-03-07 17:27:01,410 INFO Finished loading movies
2020-03-07 17:27:01,674 INFO importing rows 0 to 1,000,000...
2020-03-07 17:28:24,569 INFO Done. 83.13 total seconds elapsed
2020-03-07 17:28:24,824 INFO importing rows 1,000,000 to 2,000,000...
2020-03-07 17:29:47,322 INFO Done. 165.88 total seconds elapsed
2020-03-07 17:29:47,564 INFO importing rows 2,000,000 to 3,000,000...
2020-03-07 17:31:10,940 INFO Done. 249.50 total seconds elapsed
2020-03-07 17:31:11,187 INFO importing rows 3,000,000 to 4,000,000...
2020-03-07 17:32:33,525 INFO Done. 332.09 total seconds elapsed
2020-03-07 17:32:33,760 INFO importing rows 4,000,000 to 5,000,000...
2020-03-07 17:33:55,945 INFO Done. 414.51 total seconds elapsed
2020-03-07 17:33:56,200 INFO importing rows 5,000,000 to 6,000,000...
2020-03-07 17:35:19,342 INFO Done. 497.90 total seconds elapsed
2020-03-07 17:35:19,580 INFO importing rows 6,000,000 to 7,000,000...
2020-03-07 17:36:41,972 INFO Done. 580.53 total seconds elapsed
2020-03-07 17:36:42,210 INFO importing rows 7,000,000 to 8,000,000...
2020-03-07 17:38:06,115 INFO Done. 664.68 total seconds elapsed
2020-03-07 17:38:06,368 INFO importing rows 8,000,000 to 9,000,000...
2020-03-07 17:39:29,418 INFO Done. 747.98 total seconds elapsed
2020-03-07 17:39:29,663 INFO importing rows 9,000,000 to 10,000,000...
2020-03-07 17:40:52,193 INFO Done. 830.76 total seconds elapsed
2020-03-07 17:40:52,450 INFO importing rows 10,000,000 to 11,000,000...
2020-03-07 17:42:15,228 INFO Done. 913.79 total seconds elapsed
2020-03-07 17:42:15,484 INFO importing rows 11,000,000 to 12,000,000...
2020-03-07 17:43:38,653 INFO Done. 997.22 total seconds elapsed
2020-03-07 17:43:38,905 INFO importing rows 12,000,000 to 13,000,000...
2020-03-07 17:45:01,959 INFO Done. 1,080.52 total seconds elapsed
2020-03-07 17:45:02,208 INFO importing rows 13,000,000 to 14,000,000...
2020-03-07 17:46:25,333 INFO Done. 1,163.90 total seconds elapsed
2020-03-07 17:46:25,585 INFO importing rows 14,000,000 to 15,000,000...
2020-03-07 17:47:48,645 INFO Done. 1,247.21 total seconds elapsed
2020-03-07 17:47:48,895 INFO importing rows 15,000,000 to 16,000,000...
2020-03-07 17:49:11,129 INFO Done. 1,329.69 total seconds elapsed
2020-03-07 17:49:11,379 INFO importing rows 16,000,000 to 17,000,000...
2020-03-07 17:50:33,784 INFO Done. 1,412.35 total seconds elapsed
2020-03-07 17:50:34,033 INFO importing rows 17,000,000 to 18,000,000...
2020-03-07 17:51:56,877 INFO Done. 1,495.44 total seconds elapsed
2020-03-07 17:51:57,139 INFO importing rows 18,000,000 to 19,000,000...
2020-03-07 17:53:20,302 INFO Done. 1,578.86 total seconds elapsed
2020-03-07 17:53:20,556 INFO importing rows 19,000,000 to 20,000,000...
2020-03-07 17:54:43,143 INFO Done. 1,661.71 total seconds elapsed
2020-03-07 17:54:43,391 INFO importing rows 20,000,000 to 21,000,000...
2020-03-07 17:56:06,058 INFO Done. 1,744.62 total seconds elapsed
2020-03-07 17:56:06,321 INFO importing rows 21,000,000 to 22,000,000...
2020-03-07 17:57:28,258 INFO Done. 1,826.82 total seconds elapsed
2020-03-07 17:57:28,505 INFO importing rows 22,000,000 to 23,000,000...
2020-03-07 17:58:51,890 INFO Done. 1,910.45 total seconds elapsed
2020-03-07 17:58:52,150 INFO importing rows 23,000,000 to 24,000,000...
2020-03-07 18:00:15,278 INFO Done. 1,993.84 total seconds elapsed
2020-03-07 18:00:15,525 INFO importing rows 24,000,000 to 25,000,000...
2020-03-07 18:01:37,898 INFO Done. 2,076.46 total seconds elapsed
2020-03-07 18:01:38,145 INFO importing rows 25,000,000 to 26,000,000...
2020-03-07 18:03:00,969 INFO Done. 2,159.53 total seconds elapsed
2020-03-07 18:03:00,983 INFO importing rows 26,000,000 to 26,024,289...
2020-03-07 18:03:02,909 INFO Done. 2,161.47 total seconds elapsed
2020-03-07 18:03:02,911 INFO Finished loading ratings
2020-03-07 18:03:02,911 INFO ### END ETL Process ###
